{"/Users/imagine/project/packages/acrool-react-rtk-query/src/graphql/fetcher.tsx": {"path":"/Users/imagine/project/packages/acrool-react-rtk-query/src/graphql/fetcher.tsx","statementMap":{"0":{"start":{"line":20,"column":16},"end":{"line":20,"column":30}},"1":{"start":{"line":1,"column":57},"end":{"line":1,"column":null}},"2":{"start":{"line":2,"column":55},"end":{"line":2,"column":null}},"3":{"start":{"line":21,"column":19},"end":{"line":21,"column":null}},"4":{"start":{"line":22,"column":21},"end":{"line":22,"column":null}},"5":{"start":{"line":23,"column":54},"end":{"line":23,"column":null}},"6":{"start":{"line":26,"column":2},"end":{"line":30,"column":null}},"7":{"start":{"line":27,"column":18},"end":{"line":27,"column":null}},"8":{"start":{"line":28,"column":4},"end":{"line":28,"column":null}},"9":{"start":{"line":28,"column":15},"end":{"line":28,"column":null}},"10":{"start":{"line":29,"column":4},"end":{"line":29,"column":null}},"11":{"start":{"line":33,"column":2},"end":{"line":56,"column":null}},"12":{"start":{"line":34,"column":11},"end":{"line":34,"column":null}},"13":{"start":{"line":36,"column":46},"end":{"line":36,"column":null}},"14":{"start":{"line":37,"column":6},"end":{"line":53,"column":null}},"15":{"start":{"line":38,"column":8},"end":{"line":38,"column":null}},"16":{"start":{"line":39,"column":8},"end":{"line":42,"column":null}},"17":{"start":{"line":40,"column":10},"end":{"line":40,"column":null}},"18":{"start":{"line":41,"column":10},"end":{"line":41,"column":null}},"19":{"start":{"line":43,"column":25},"end":{"line":43,"column":null}},"20":{"start":{"line":44,"column":8},"end":{"line":44,"column":null}},"21":{"start":{"line":45,"column":8},"end":{"line":45,"column":null}},"22":{"start":{"line":46,"column":8},"end":{"line":52,"column":null}},"23":{"start":{"line":47,"column":10},"end":{"line":47,"column":null}},"24":{"start":{"line":48,"column":10},"end":{"line":48,"column":null}},"25":{"start":{"line":50,"column":10},"end":{"line":50,"column":null}},"26":{"start":{"line":51,"column":10},"end":{"line":51,"column":null}},"27":{"start":{"line":54,"column":6},"end":{"line":54,"column":null}},"28":{"start":{"line":55,"column":6},"end":{"line":55,"column":null}},"29":{"start":{"line":63,"column":4},"end":{"line":107,"column":null}},"30":{"start":{"line":64,"column":48},"end":{"line":64,"column":null}},"31":{"start":{"line":65,"column":44},"end":{"line":65,"column":null}},"32":{"start":{"line":66,"column":22},"end":{"line":66,"column":null}},"33":{"start":{"line":67,"column":24},"end":{"line":67,"column":null}},"34":{"start":{"line":68,"column":32},"end":{"line":68,"column":null}},"35":{"start":{"line":69,"column":6},"end":{"line":91,"column":null}},"36":{"start":{"line":70,"column":27},"end":{"line":70,"column":null}},"37":{"start":{"line":71,"column":8},"end":{"line":71,"column":null}},"38":{"start":{"line":72,"column":8},"end":{"line":90,"column":null}},"39":{"start":{"line":73,"column":10},"end":{"line":73,"column":null}},"40":{"start":{"line":74,"column":29},"end":{"line":74,"column":null}},"41":{"start":{"line":75,"column":29},"end":{"line":78,"column":null}},"42":{"start":{"line":76,"column":12},"end":{"line":76,"column":null}},"43":{"start":{"line":77,"column":12},"end":{"line":77,"column":null}},"44":{"start":{"line":79,"column":37},"end":{"line":85,"column":null}},"45":{"start":{"line":83,"column":14},"end":{"line":83,"column":null}},"46":{"start":{"line":86,"column":10},"end":{"line":86,"column":null}},"47":{"start":{"line":87,"column":10},"end":{"line":89,"column":null}},"48":{"start":{"line":88,"column":13},"end":{"line":88,"column":null}},"49":{"start":{"line":92,"column":6},"end":{"line":95,"column":null}},"50":{"start":{"line":93,"column":8},"end":{"line":93,"column":null}},"51":{"start":{"line":94,"column":8},"end":{"line":94,"column":null}},"52":{"start":{"line":96,"column":23},"end":{"line":96,"column":null}},"53":{"start":{"line":97,"column":22},"end":{"line":101,"column":null}},"54":{"start":{"line":102,"column":18},"end":{"line":105,"column":null}},"55":{"start":{"line":106,"column":6},"end":{"line":106,"column":null}},"56":{"start":{"line":110,"column":2},"end":{"line":110,"column":null}}},"fnMap":{"0":{"name":"createFetcher","decl":{"start":{"line":20,"column":16},"end":{"line":20,"column":30}},"loc":{"start":{"line":20,"column":52},"end":{"line":111,"column":null}}},"1":{"name":"(anonymous_3)","decl":{"start":{"line":26,"column":36},"end":{"line":26,"column":43}},"loc":{"start":{"line":26,"column":43},"end":{"line":30,"column":null}}},"2":{"name":"(anonymous_4)","decl":{"start":{"line":34,"column":4},"end":{"line":34,"column":11}},"loc":{"start":{"line":34,"column":11},"end":{"line":34,"column":null}}},"3":{"name":"(anonymous_5)","decl":{"start":{"line":35,"column":4},"end":{"line":35,"column":10}},"loc":{"start":{"line":35,"column":10},"end":{"line":56,"column":null}}},"4":{"name":"fetchData","decl":{"start":{"line":60,"column":11},"end":{"line":60,"column":null}},"loc":{"start":{"line":61,"column":17},"end":{"line":108,"column":null}}},"5":{"name":"(anonymous_7)","decl":{"start":{"line":63,"column":11},"end":{"line":63,"column":18}},"loc":{"start":{"line":63,"column":18},"end":{"line":107,"column":null}}},"6":{"name":"(anonymous_8)","decl":{"start":{"line":75,"column":77},"end":{"line":75,"column":78}},"loc":{"start":{"line":75,"column":88},"end":{"line":78,"column":13}}},"7":{"name":"(anonymous_9)","decl":{"start":{"line":82,"column":37},"end":{"line":82,"column":38}},"loc":{"start":{"line":82,"column":43},"end":{"line":84,"column":null}}},"8":{"name":"(anonymous_10)","decl":{"start":{"line":87,"column":37},"end":{"line":87,"column":null}},"loc":{"start":{"line":87,"column":37},"end":{"line":89,"column":null}}}},"branchMap":{"0":{"loc":{"start":{"line":28,"column":4},"end":{"line":28,"column":null}},"type":"if","locations":[{"start":{"line":28,"column":4},"end":{"line":28,"column":null}}]},"1":{"loc":{"start":{"line":37,"column":6},"end":{"line":53,"column":null}},"type":"if","locations":[{"start":{"line":37,"column":6},"end":{"line":53,"column":null}}]},"2":{"loc":{"start":{"line":37,"column":10},"end":{"line":37,"column":55}},"type":"binary-expr","locations":[{"start":{"line":37,"column":10},"end":{"line":37,"column":38}},{"start":{"line":37,"column":38},"end":{"line":37,"column":55}}]},"3":{"loc":{"start":{"line":39,"column":8},"end":{"line":42,"column":null}},"type":"if","locations":[{"start":{"line":39,"column":8},"end":{"line":42,"column":null}}]},"4":{"loc":{"start":{"line":46,"column":8},"end":{"line":52,"column":null}},"type":"if","locations":[{"start":{"line":46,"column":8},"end":{"line":52,"column":null}},{"start":{"line":49,"column":15},"end":{"line":52,"column":null}}]},"5":{"loc":{"start":{"line":69,"column":6},"end":{"line":91,"column":null}},"type":"if","locations":[{"start":{"line":69,"column":6},"end":{"line":91,"column":null}}]},"6":{"loc":{"start":{"line":72,"column":8},"end":{"line":90,"column":null}},"type":"if","locations":[{"start":{"line":72,"column":8},"end":{"line":90,"column":null}}]},"7":{"loc":{"start":{"line":92,"column":6},"end":{"line":95,"column":null}},"type":"if","locations":[{"start":{"line":92,"column":6},"end":{"line":95,"column":null}}]},"8":{"loc":{"start":{"line":96,"column":23},"end":{"line":96,"column":null}},"type":"binary-expr","locations":[{"start":{"line":96,"column":23},"end":{"line":96,"column":38}},{"start":{"line":96,"column":42},"end":{"line":96,"column":null}}]}},"s":{"0":3,"1":1,"2":1,"3":3,"4":3,"5":3,"6":3,"7":0,"8":0,"9":0,"10":0,"11":3,"12":0,"13":0,"14":0,"15":0,"16":0,"17":0,"18":0,"19":0,"20":0,"21":0,"22":0,"23":0,"24":0,"25":0,"26":0,"27":0,"28":0,"29":3,"30":3,"31":3,"32":3,"33":3,"34":3,"35":3,"36":0,"37":0,"38":0,"39":0,"40":0,"41":0,"42":0,"43":0,"44":0,"45":0,"46":0,"47":0,"48":0,"49":3,"50":3,"51":3,"52":3,"53":3,"54":3,"55":1,"56":3},"f":{"0":3,"1":0,"2":0,"3":0,"4":3,"5":3,"6":0,"7":0,"8":0},"b":{"0":[0],"1":[0],"2":[0,0],"3":[0],"4":[0,0],"5":[0],"6":[0],"7":[3],"8":[3,3]}}
,"/Users/imagine/project/packages/acrool-react-rtk-query/src/graphql/utils.ts": {"path":"/Users/imagine/project/packages/acrool-react-rtk-query/src/graphql/utils.ts","statementMap":{"0":{"start":{"line":15,"column":13},"end":{"line":15,"column":35}},"1":{"start":{"line":5,"column":15},"end":{"line":5,"column":null}},"2":{"start":{"line":5,"column":31},"end":{"line":5,"column":null}},"3":{"start":{"line":6,"column":15},"end":{"line":6,"column":null}},"4":{"start":{"line":6,"column":31},"end":{"line":6,"column":null}},"5":{"start":{"line":15,"column":35},"end":{"line":44,"column":null}},"6":{"start":{"line":16,"column":4},"end":{"line":43,"column":null}},"7":{"start":{"line":17,"column":20},"end":{"line":17,"column":40}},"8":{"start":{"line":18,"column":8},"end":{"line":34,"column":null}},"9":{"start":{"line":19,"column":25},"end":{"line":19,"column":null}},"10":{"start":{"line":20,"column":12},"end":{"line":24,"column":null}},"11":{"start":{"line":26,"column":14},"end":{"line":34,"column":null}},"12":{"start":{"line":28,"column":29},"end":{"line":28,"column":null}},"13":{"start":{"line":29,"column":12},"end":{"line":33,"column":null}},"14":{"start":{"line":37,"column":8},"end":{"line":41,"column":null}}},"fnMap":{"0":{"name":"(anonymous_1)","decl":{"start":{"line":5,"column":15},"end":{"line":5,"column":16}},"loc":{"start":{"line":5,"column":31},"end":{"line":5,"column":null}}},"1":{"name":"(anonymous_2)","decl":{"start":{"line":6,"column":15},"end":{"line":6,"column":16}},"loc":{"start":{"line":6,"column":31},"end":{"line":6,"column":null}}},"2":{"name":"(anonymous_3)","decl":{"start":{"line":15,"column":35},"end":{"line":15,"column":75}},"loc":{"start":{"line":15,"column":130},"end":{"line":44,"column":null}}},"3":{"name":"(anonymous_4)","decl":{"start":{"line":16,"column":66},"end":{"line":16,"column":67}},"loc":{"start":{"line":16,"column":86},"end":{"line":43,"column":7}}}},"branchMap":{"0":{"loc":{"start":{"line":5,"column":31},"end":{"line":5,"column":null}},"type":"binary-expr","locations":[{"start":{"line":5,"column":31},"end":{"line":5,"column":51}},{"start":{"line":5,"column":51},"end":{"line":5,"column":null}}]},"1":{"loc":{"start":{"line":6,"column":31},"end":{"line":6,"column":null}},"type":"binary-expr","locations":[{"start":{"line":6,"column":31},"end":{"line":6,"column":51}},{"start":{"line":6,"column":51},"end":{"line":6,"column":null}}]},"2":{"loc":{"start":{"line":15,"column":95},"end":{"line":15,"column":null}},"type":"default-arg","locations":[{"start":{"line":15,"column":117},"end":{"line":15,"column":null}}]},"3":{"loc":{"start":{"line":16,"column":11},"end":{"line":43,"column":null}},"type":"binary-expr","locations":[{"start":{"line":16,"column":11},"end":{"line":16,"column":30}},{"start":{"line":16,"column":30},"end":{"line":43,"column":null}}]},"4":{"loc":{"start":{"line":18,"column":8},"end":{"line":34,"column":null}},"type":"if","locations":[{"start":{"line":18,"column":8},"end":{"line":34,"column":null}},{"start":{"line":26,"column":14},"end":{"line":34,"column":null}}]},"5":{"loc":{"start":{"line":18,"column":11},"end":{"line":18,"column":38}},"type":"binary-expr","locations":[{"start":{"line":18,"column":11},"end":{"line":18,"column":26}},{"start":{"line":18,"column":26},"end":{"line":18,"column":38}}]},"6":{"loc":{"start":{"line":26,"column":14},"end":{"line":34,"column":null}},"type":"if","locations":[{"start":{"line":26,"column":14},"end":{"line":34,"column":null}}]},"7":{"loc":{"start":{"line":26,"column":17},"end":{"line":26,"column":48}},"type":"binary-expr","locations":[{"start":{"line":26,"column":17},"end":{"line":26,"column":24}},{"start":{"line":26,"column":24},"end":{"line":26,"column":48}}]}},"s":{"0":0,"1":1,"2":0,"3":1,"4":0,"5":1,"6":0,"7":0,"8":0,"9":0,"10":0,"11":0,"12":0,"13":0,"14":0},"f":{"0":0,"1":0,"2":0,"3":0},"b":{"0":[0,0],"1":[0,0],"2":[0],"3":[0,0],"4":[0,0],"5":[0,0],"6":[0],"7":[0,0]}}
}
