TN:
SF:src/graphql/fetcher.tsx
FN:20,createFetcher
FN:26,(anonymous_3)
FN:34,(anonymous_4)
FN:35,(anonymous_5)
FN:60,fetchData
FN:63,(anonymous_7)
FN:75,(anonymous_8)
FN:82,(anonymous_9)
FN:87,(anonymous_10)
FNF:9
FNH:3
FNDA:3,createFetcher
FNDA:0,(anonymous_3)
FNDA:0,(anonymous_4)
FNDA:0,(anonymous_5)
FNDA:3,fetchData
FNDA:3,(anonymous_7)
FNDA:0,(anonymous_8)
FNDA:0,(anonymous_9)
FNDA:0,(anonymous_10)
DA:1,1
DA:2,1
DA:20,3
DA:21,3
DA:22,3
DA:23,3
DA:26,3
DA:27,0
DA:28,0
DA:29,0
DA:33,3
DA:34,0
DA:36,0
DA:37,0
DA:38,0
DA:39,0
DA:40,0
DA:41,0
DA:43,0
DA:44,0
DA:45,0
DA:46,0
DA:47,0
DA:48,0
DA:50,0
DA:51,0
DA:54,0
DA:55,0
DA:63,3
DA:64,3
DA:65,3
DA:66,3
DA:67,3
DA:68,3
DA:69,3
DA:70,0
DA:71,0
DA:72,0
DA:73,0
DA:74,0
DA:75,0
DA:76,0
DA:77,0
DA:79,0
DA:83,0
DA:86,0
DA:87,0
DA:88,0
DA:92,3
DA:93,3
DA:94,3
DA:96,3
DA:97,3
DA:102,3
DA:106,1
DA:110,3
LF:56
LH:23
BRDA:28,0,0,0
BRDA:37,1,0,0
BRDA:37,2,0,0
BRDA:37,2,1,0
BRDA:39,3,0,0
BRDA:46,4,0,0
BRDA:46,4,1,0
BRDA:69,5,0,0
BRDA:72,6,0,0
BRDA:92,7,0,3
BRDA:96,8,0,3
BRDA:96,8,1,3
BRF:12
BRH:3
end_of_record
TN:
SF:src/graphql/utils.ts
FN:5,(anonymous_1)
FN:6,(anonymous_2)
FN:15,(anonymous_3)
FN:16,(anonymous_4)
FNF:4
FNH:0
FNDA:0,(anonymous_1)
FNDA:0,(anonymous_2)
FNDA:0,(anonymous_3)
FNDA:0,(anonymous_4)
DA:5,1
DA:6,1
DA:15,1
DA:16,0
DA:17,0
DA:18,0
DA:19,0
DA:20,0
DA:26,0
DA:28,0
DA:29,0
DA:37,0
LF:12
LH:3
BRDA:5,0,0,0
BRDA:5,0,1,0
BRDA:6,1,0,0
BRDA:6,1,1,0
BRDA:15,2,0,0
BRDA:16,3,0,0
BRDA:16,3,1,0
BRDA:18,4,0,0
BRDA:18,4,1,0
BRDA:18,5,0,0
BRDA:18,5,1,0
BRDA:26,6,0,0
BRDA:26,7,0,0
BRDA:26,7,1,0
BRF:14
BRH:0
end_of_record
